Performing C SOURCE FILE Test CMAKE_HAVE_LIBC_PTHREAD failed with the following output:
Change Dir: /home/bytian/Desktop/ILLIXR/infinitam/Apps/InfiniTAM/CMakeFiles/CMakeTmp

Run Build Command(s):/usr/bin/make cmTC_a261d/fast && /usr/bin/make  -f CMakeFiles/cmTC_a261d.dir/build.make CMakeFiles/cmTC_a261d.dir/build
make[1]: Entering directory '/home/bytian/Desktop/ILLIXR/infinitam/Apps/InfiniTAM/CMakeFiles/CMakeTmp'
Building C object CMakeFiles/cmTC_a261d.dir/src.c.o
/usr/bin/cc -DCMAKE_HAVE_LIBC_PTHREAD  -fPIC  -o CMakeFiles/cmTC_a261d.dir/src.c.o -c /home/bytian/Desktop/ILLIXR/infinitam/Apps/InfiniTAM/CMakeFiles/CMakeTmp/src.c
Linking C executable cmTC_a261d
/usr/bin/cmake -E cmake_link_script CMakeFiles/cmTC_a261d.dir/link.txt --verbose=1
/usr/bin/cc -fPIC  -rdynamic CMakeFiles/cmTC_a261d.dir/src.c.o -o cmTC_a261d 
/usr/bin/ld: CMakeFiles/cmTC_a261d.dir/src.c.o: in function `main':
src.c:(.text+0x46): undefined reference to `pthread_create'
/usr/bin/ld: src.c:(.text+0x52): undefined reference to `pthread_detach'
/usr/bin/ld: src.c:(.text+0x5e): undefined reference to `pthread_cancel'
/usr/bin/ld: src.c:(.text+0x6f): undefined reference to `pthread_join'
collect2: error: ld returned 1 exit status
make[1]: *** [CMakeFiles/cmTC_a261d.dir/build.make:106: cmTC_a261d] Error 1
make[1]: Leaving directory '/home/bytian/Desktop/ILLIXR/infinitam/Apps/InfiniTAM/CMakeFiles/CMakeTmp'
make: *** [Makefile:140: cmTC_a261d/fast] Error 2


Source file was:
#include <pthread.h>

static void* test_func(void* data)
{
  return data;
}

int main(void)
{
  pthread_t thread;
  pthread_create(&thread, NULL, test_func, NULL);
  pthread_detach(thread);
  pthread_cancel(thread);
  pthread_join(thread, NULL);
  pthread_atfork(NULL, NULL, NULL);
  pthread_exit(NULL);

  return 0;
}

Determining if the function pthread_create exists in the pthreads failed with the following output:
Change Dir: /home/bytian/Desktop/ILLIXR/infinitam/Apps/InfiniTAM/CMakeFiles/CMakeTmp

Run Build Command(s):/usr/bin/make cmTC_c0bcf/fast && /usr/bin/make  -f CMakeFiles/cmTC_c0bcf.dir/build.make CMakeFiles/cmTC_c0bcf.dir/build
make[1]: Entering directory '/home/bytian/Desktop/ILLIXR/infinitam/Apps/InfiniTAM/CMakeFiles/CMakeTmp'
Building C object CMakeFiles/cmTC_c0bcf.dir/CheckFunctionExists.c.o
/usr/bin/cc   -fPIC -DCHECK_FUNCTION_EXISTS=pthread_create -o CMakeFiles/cmTC_c0bcf.dir/CheckFunctionExists.c.o -c /usr/share/cmake-3.19/Modules/CheckFunctionExists.c
Linking C executable cmTC_c0bcf
/usr/bin/cmake -E cmake_link_script CMakeFiles/cmTC_c0bcf.dir/link.txt --verbose=1
/usr/bin/cc -fPIC -DCHECK_FUNCTION_EXISTS=pthread_create -rdynamic CMakeFiles/cmTC_c0bcf.dir/CheckFunctionExists.c.o -o cmTC_c0bcf  -lpthreads 
/usr/bin/ld: cannot find -lpthreads
collect2: error: ld returned 1 exit status
make[1]: *** [CMakeFiles/cmTC_c0bcf.dir/build.make:106: cmTC_c0bcf] Error 1
make[1]: Leaving directory '/home/bytian/Desktop/ILLIXR/infinitam/Apps/InfiniTAM/CMakeFiles/CMakeTmp'
make: *** [Makefile:140: cmTC_c0bcf/fast] Error 2



