Performing C SOURCE FILE Test CMAKE_HAVE_LIBC_PTHREAD failed with the following output:
Change Dir: /media/yihan/Hy_SSD/Efficient_mesh_streaming/ILLIXR_device/payload_generation/build/Release/CMakeFiles/CMakeTmp

Run Build Command(s):/usr/bin/make -f Makefile cmTC_9eeaf/fast && make[1]: Entering directory '/media/yihan/Hy_SSD/Efficient_mesh_streaming/ILLIXR_device/payload_generation/build/Release/CMakeFiles/CMakeTmp'
/usr/bin/make  -f CMakeFiles/cmTC_9eeaf.dir/build.make CMakeFiles/cmTC_9eeaf.dir/build
make[2]: Entering directory '/media/yihan/Hy_SSD/Efficient_mesh_streaming/ILLIXR_device/payload_generation/build/Release/CMakeFiles/CMakeTmp'
Building C object CMakeFiles/cmTC_9eeaf.dir/src.c.o
/usr/bin/clang-10 -DCMAKE_HAVE_LIBC_PTHREAD   -MD -MT CMakeFiles/cmTC_9eeaf.dir/src.c.o -MF CMakeFiles/cmTC_9eeaf.dir/src.c.o.d -o CMakeFiles/cmTC_9eeaf.dir/src.c.o -c /media/yihan/Hy_SSD/Efficient_mesh_streaming/ILLIXR_device/payload_generation/build/Release/CMakeFiles/CMakeTmp/src.c
Linking C executable cmTC_9eeaf
/usr/local/bin/cmake -E cmake_link_script CMakeFiles/cmTC_9eeaf.dir/link.txt --verbose=1
/usr/bin/clang-10 -rdynamic CMakeFiles/cmTC_9eeaf.dir/src.c.o -o cmTC_9eeaf 
/usr/bin/ld: CMakeFiles/cmTC_9eeaf.dir/src.c.o: in function `main':
src.c:(.text+0x25): undefined reference to `pthread_create'
/usr/bin/ld: src.c:(.text+0x31): undefined reference to `pthread_detach'
/usr/bin/ld: src.c:(.text+0x3d): undefined reference to `pthread_cancel'
/usr/bin/ld: src.c:(.text+0x4f): undefined reference to `pthread_join'
clang: error: linker command failed with exit code 1 (use -v to see invocation)
make[2]: *** [CMakeFiles/cmTC_9eeaf.dir/build.make:100: cmTC_9eeaf] Error 1
make[2]: Leaving directory '/media/yihan/Hy_SSD/Efficient_mesh_streaming/ILLIXR_device/payload_generation/build/Release/CMakeFiles/CMakeTmp'
make[1]: *** [Makefile:127: cmTC_9eeaf/fast] Error 2
make[1]: Leaving directory '/media/yihan/Hy_SSD/Efficient_mesh_streaming/ILLIXR_device/payload_generation/build/Release/CMakeFiles/CMakeTmp'


Source file was:
#include <pthread.h>

static void* test_func(void* data)
{
  return data;
}

int main(void)
{
  pthread_t thread;
  pthread_create(&thread, NULL, test_func, NULL);
  pthread_detach(thread);
  pthread_cancel(thread);
  pthread_join(thread, NULL);
  pthread_atfork(NULL, NULL, NULL);
  pthread_exit(NULL);

  return 0;
}

Determining if the function pthread_create exists in the pthreads failed with the following output:
Change Dir: /media/yihan/Hy_SSD/Efficient_mesh_streaming/ILLIXR_device/payload_generation/build/Release/CMakeFiles/CMakeTmp

Run Build Command(s):/usr/bin/make -f Makefile cmTC_78a70/fast && make[1]: Entering directory '/media/yihan/Hy_SSD/Efficient_mesh_streaming/ILLIXR_device/payload_generation/build/Release/CMakeFiles/CMakeTmp'
/usr/bin/make  -f CMakeFiles/cmTC_78a70.dir/build.make CMakeFiles/cmTC_78a70.dir/build
make[2]: Entering directory '/media/yihan/Hy_SSD/Efficient_mesh_streaming/ILLIXR_device/payload_generation/build/Release/CMakeFiles/CMakeTmp'
Building C object CMakeFiles/cmTC_78a70.dir/CheckFunctionExists.c.o
/usr/bin/clang-10   -DCHECK_FUNCTION_EXISTS=pthread_create -MD -MT CMakeFiles/cmTC_78a70.dir/CheckFunctionExists.c.o -MF CMakeFiles/cmTC_78a70.dir/CheckFunctionExists.c.o.d -o CMakeFiles/cmTC_78a70.dir/CheckFunctionExists.c.o -c /usr/local/share/cmake-3.20/Modules/CheckFunctionExists.c
Linking C executable cmTC_78a70
/usr/local/bin/cmake -E cmake_link_script CMakeFiles/cmTC_78a70.dir/link.txt --verbose=1
/usr/bin/clang-10  -DCHECK_FUNCTION_EXISTS=pthread_create -rdynamic CMakeFiles/cmTC_78a70.dir/CheckFunctionExists.c.o -o cmTC_78a70  -lpthreads 
/usr/bin/ld: cannot find -lpthreads
clang: error: linker command failed with exit code 1 (use -v to see invocation)
make[2]: *** [CMakeFiles/cmTC_78a70.dir/build.make:100: cmTC_78a70] Error 1
make[2]: Leaving directory '/media/yihan/Hy_SSD/Efficient_mesh_streaming/ILLIXR_device/payload_generation/build/Release/CMakeFiles/CMakeTmp'
make[1]: *** [Makefile:127: cmTC_78a70/fast] Error 2
make[1]: Leaving directory '/media/yihan/Hy_SSD/Efficient_mesh_streaming/ILLIXR_device/payload_generation/build/Release/CMakeFiles/CMakeTmp'



